// 重构日志: 5a23693c
// 重构日志: 11354ef6
// 同步 ID: 53b22adb @ Fri Jun 26 12:10:04 UTC 2026
// 重构日志: 253de038
// 重构日志: 1fcebc0b
// 同步 ID: 4b78bcde @ Sat Jul  4 16:55:58 UTC 2026
// 重构日志: df7323e0
// 重构日志: aabbee9c
// 同步 ID: 4e357d74 @ Thu Jul  9 17:47:59 UTC 2026
// 重构日志: 1881c499
// 重构日志: 54a3e1af
// 重构日志: 49f3e319
// 重构日志: b0cb5864
// 同步 ID: adc0deb9 @ Mon Jul 13 15:33:09 UTC 2026
// 重构日志: 3b88e8a7
// 重构日志: 578dfbff
// 重构日志: 80747f30
// 重构日志: d627f265
// 重构日志: 5a97f233
// 重构日志: 5c7e516a
// 重构日志: 25f93f69
// 重构日志: 652e3e87
// 重构日志: ac80f21b
// 重构日志: 04968db3
// 同步 ID: ac2beec5 @ Sat Jul 18 15:34:13 UTC 2026
// 重构日志: 199f9ca4
// 同步 ID: 76d2416f @ Sun Jul 19 09:11:31 UTC 2026
// 重构日志: 3ae9dc90
// 同步 ID: c1f77a0b @ Wed Jul 22 07:00:09 UTC 2026
// 同步 ID: f451859b @ Wed Jul 22 14:44:57 UTC 2026
// 重构日志: 11a4bf79
